 --- Init ---
MyPythonBot
 --- Bot used 3 milliseconds ---
-----------------------------------------------------------------------------
 --- Frame #1 ---
15 7 0 
 --- Bot used 22 milliseconds ---
-----------------------------------------------------------------------------
 --- Frame #2 ---
15 7 1 
 --- Bot used 17 milliseconds ---
-----------------------------------------------------------------------------
 --- Frame #3 ---
15 7 4 
 --- Bot used 20 milliseconds ---
-----------------------------------------------------------------------------
 --- Frame #4 ---
15 7 2 
 --- Bot used 17 milliseconds ---
-----------------------------------------------------------------------------
 --- Frame #5 ---
15 7 3 
 --- Bot used 16 milliseconds ---
-----------------------------------------------------------------------------
 --- Frame #6 ---
15 7 0 
 --- Bot used 17 milliseconds ---
-----------------------------------------------------------------------------
 --- Frame #7 ---
15 7 0 
 --- Bot used 20 milliseconds ---
-----------------------------------------------------------------------------
 --- Frame #8 ---
15 7 1 
 --- Bot used 22 milliseconds ---
-----------------------------------------------------------------------------
 --- Frame #9 ---
15 7 0 
 --- Bot used 17 milliseconds ---
-----------------------------------------------------------------------------
 --- Frame #10 ---
15 7 0 
 --- Bot used 20 milliseconds ---
-----------------------------------------------------------------------------
 --- Frame #11 ---
15 7 0 
 --- Bot used 18 milliseconds ---
-----------------------------------------------------------------------------
 --- Frame #12 ---
15 7 1 
 --- Bot used 16 milliseconds ---
-----------------------------------------------------------------------------
 --- Frame #13 ---
15 7 0 
 --- Bot used 16 milliseconds ---
-----------------------------------------------------------------------------
 --- Frame #14 ---
15 7 1 
 --- Bot used 19 milliseconds ---
-----------------------------------------------------------------------------
 --- Frame #15 ---
15 7 0 
 --- Bot used 15 milliseconds ---
-----------------------------------------------------------------------------
 --- Frame #16 ---
15 7 2 
 --- Bot used 14 milliseconds ---
-----------------------------------------------------------------------------
 --- Frame #17 ---
15 7 2 
 --- Bot used 19 milliseconds ---
-----------------------------------------------------------------------------
 --- Frame #18 ---
15 7 2 
 --- Bot used 15 milliseconds ---
-----------------------------------------------------------------------------
 --- Frame #19 ---
15 7 4 
 --- Bot used 29 milliseconds ---
-----------------------------------------------------------------------------
 --- Frame #20 ---
15 7 1 
 --- Bot used 15 milliseconds ---
-----------------------------------------------------------------------------
 --- Frame #21 ---
15 7 1 
 --- Bot used 16 milliseconds ---
-----------------------------------------------------------------------------
 --- Frame #22 ---
15 7 2 
 --- Bot used 17 milliseconds ---
-----------------------------------------------------------------------------
 --- Frame #23 ---
15 7 0 
 --- Bot used 22 milliseconds ---
-----------------------------------------------------------------------------
 --- Frame #24 ---
15 7 1 
 --- Bot used 18 milliseconds ---
-----------------------------------------------------------------------------
 --- Frame #25 ---
15 7 4 
 --- Bot used 17 milliseconds ---
-----------------------------------------------------------------------------
 --- Frame #26 ---
15 7 2 
 --- Bot used 18 milliseconds ---
-----------------------------------------------------------------------------
 --- Frame #27 ---
15 7 1 
 --- Bot used 17 milliseconds ---
-----------------------------------------------------------------------------
 --- Frame #28 ---
15 7 2 
 --- Bot used 25 milliseconds ---
-----------------------------------------------------------------------------
 --- Frame #29 ---
15 7 1 
 --- Bot used 18 milliseconds ---
-----------------------------------------------------------------------------
 --- Frame #30 ---
15 7 0 
 --- Bot used 18 milliseconds ---
-----------------------------------------------------------------------------
 --- Frame #31 ---
15 7 4 
 --- Bot used 17 milliseconds ---
-----------------------------------------------------------------------------
 --- Frame #32 ---
15 7 1 
 --- Bot used 25 milliseconds ---
-----------------------------------------------------------------------------
 --- Frame #33 ---
15 7 2 
 --- Bot used 18 milliseconds ---
-----------------------------------------------------------------------------
 --- Frame #34 ---
15 7 4 
 --- Bot used 17 milliseconds ---
-----------------------------------------------------------------------------
 --- Frame #35 ---
15 7 2 
 --- Bot used 17 milliseconds ---
-----------------------------------------------------------------------------
 --- Frame #36 ---
15 7 1 
 --- Bot used 21 milliseconds ---
-----------------------------------------------------------------------------
 --- Frame #37 ---
15 7 0 
 --- Bot used 21 milliseconds ---
-----------------------------------------------------------------------------
 --- Frame #38 ---
15 7 1 
 --- Bot used 19 milliseconds ---
-----------------------------------------------------------------------------
 --- Frame #39 ---
15 7 3 
 --- Bot used 22 milliseconds ---
-----------------------------------------------------------------------------
 --- Frame #40 ---
15 7 2 
 --- Bot used 16 milliseconds ---
-----------------------------------------------------------------------------
 --- Frame #41 ---
15 7 0 
 --- Bot used 19 milliseconds ---
-----------------------------------------------------------------------------
 --- Frame #42 ---
15 7 1 
 --- Bot used 17 milliseconds ---
-----------------------------------------------------------------------------
 --- Frame #43 ---
15 7 0 
 --- Bot used 17 milliseconds ---
-----------------------------------------------------------------------------
 --- Frame #44 ---
15 7 3 
 --- Bot used 17 milliseconds ---
-----------------------------------------------------------------------------
 --- Frame #45 ---
15 7 2 
 --- Bot used 16 milliseconds ---
-----------------------------------------------------------------------------
 --- Frame #46 ---
15 7 1 
 --- Bot used 29 milliseconds ---
-----------------------------------------------------------------------------
 --- Frame #47 ---
15 7 0 
 --- Bot used 16 milliseconds ---
-----------------------------------------------------------------------------
 --- Frame #48 ---
15 7 2 
 --- Bot used 20 milliseconds ---
-----------------------------------------------------------------------------
 --- Frame #49 ---
15 7 4 
 --- Bot used 16 milliseconds ---
-----------------------------------------------------------------------------
 --- Frame #50 ---
15 7 2 
 --- Bot used 16 milliseconds ---
-----------------------------------------------------------------------------
 --- Frame #51 ---
15 7 2 
 --- Bot used 16 milliseconds ---
-----------------------------------------------------------------------------
 --- Frame #52 ---
15 7 2 
 --- Bot used 28 milliseconds ---
-----------------------------------------------------------------------------
 --- Frame #53 ---

ERRORED!
Response received (if any):
^C