 --- Init ---
RandomPythonBot
 --- Bot used 2 milliseconds ---
-----------------------------------------------------------------------------
 --- Frame #1 ---
0 22 2 
 --- Bot used 18 milliseconds ---
-----------------------------------------------------------------------------
 --- Frame #2 ---
0 22 4 1 22 1 
 --- Bot used 21 milliseconds ---
-----------------------------------------------------------------------------
 --- Frame #3 ---
0 22 0 1 22 2 
 --- Bot used 20 milliseconds ---
-----------------------------------------------------------------------------
 --- Frame #4 ---
0 22 3 1 22 3 
 --- Bot used 16 milliseconds ---
-----------------------------------------------------------------------------
 --- Frame #5 ---
0 22 4 1 22 3 
 --- Bot used 16 milliseconds ---
-----------------------------------------------------------------------------
 --- Frame #6 ---
0 22 2 1 22 0 
 --- Bot used 17 milliseconds ---
-----------------------------------------------------------------------------
 --- Frame #7 ---
0 22 2 1 22 2 
 --- Bot used 20 milliseconds ---
-----------------------------------------------------------------------------
 --- Frame #8 ---
0 22 2 1 22 2 
 --- Bot used 16 milliseconds ---
-----------------------------------------------------------------------------
 --- Frame #9 ---
0 22 4 1 22 3 
 --- Bot used 18 milliseconds ---
-----------------------------------------------------------------------------
 --- Frame #10 ---
0 22 1 1 22 4 
 --- Bot used 16 milliseconds ---
-----------------------------------------------------------------------------
 --- Frame #11 ---
0 22 1 1 22 3 
 --- Bot used 16 milliseconds ---
-----------------------------------------------------------------------------
 --- Frame #12 ---
0 22 2 1 22 2 
 --- Bot used 16 milliseconds ---
-----------------------------------------------------------------------------
 --- Frame #13 ---
0 22 4 1 22 3 
 --- Bot used 16 milliseconds ---
-----------------------------------------------------------------------------
 --- Frame #14 ---
0 22 3 1 22 0 
 --- Bot used 19 milliseconds ---
-----------------------------------------------------------------------------
 --- Frame #15 ---
0 22 3 1 22 2 
 --- Bot used 25 milliseconds ---
-----------------------------------------------------------------------------
 --- Frame #16 ---
0 22 3 1 22 0 
 --- Bot used 16 milliseconds ---
-----------------------------------------------------------------------------
 --- Frame #17 ---
0 22 0 1 22 4 
 --- Bot used 18 milliseconds ---
-----------------------------------------------------------------------------
 --- Frame #18 ---
0 22 3 1 22 4 
 --- Bot used 15 milliseconds ---
-----------------------------------------------------------------------------
 --- Frame #19 ---
0 22 3 1 22 3 
 --- Bot used 15 milliseconds ---
-----------------------------------------------------------------------------
 --- Frame #20 ---
0 22 4 1 22 1 
 --- Bot used 15 milliseconds ---
-----------------------------------------------------------------------------
 --- Frame #21 ---
0 22 4 1 22 2 
 --- Bot used 16 milliseconds ---
-----------------------------------------------------------------------------
 --- Frame #22 ---
0 22 0 1 22 2 
 --- Bot used 23 milliseconds ---
-----------------------------------------------------------------------------
 --- Frame #23 ---
0 22 0 1 22 1 
 --- Bot used 26 milliseconds ---
-----------------------------------------------------------------------------
 --- Frame #24 ---
0 22 4 1 22 0 
 --- Bot used 16 milliseconds ---
-----------------------------------------------------------------------------
 --- Frame #25 ---
0 22 1 1 22 0 
 --- Bot used 22 milliseconds ---
-----------------------------------------------------------------------------
 --- Frame #26 ---
0 22 3 1 22 2 
 --- Bot used 16 milliseconds ---
-----------------------------------------------------------------------------
 --- Frame #27 ---
0 22 3 1 22 0 
 --- Bot used 20 milliseconds ---
-----------------------------------------------------------------------------
 --- Frame #28 ---
0 22 3 1 22 3 
 --- Bot used 15 milliseconds ---
-----------------------------------------------------------------------------
 --- Frame #29 ---
0 22 2 1 22 2 
 --- Bot used 21 milliseconds ---
-----------------------------------------------------------------------------
 --- Frame #30 ---
0 22 0 1 22 2 
 --- Bot used 23 milliseconds ---
-----------------------------------------------------------------------------
 --- Frame #31 ---
0 22 1 1 22 0 
 --- Bot used 17 milliseconds ---
-----------------------------------------------------------------------------
 --- Frame #32 ---
0 22 3 1 22 4 
 --- Bot used 16 milliseconds ---
-----------------------------------------------------------------------------
 --- Frame #33 ---
0 22 3 1 22 1 
 --- Bot used 15 milliseconds ---
-----------------------------------------------------------------------------
 --- Frame #34 ---
0 22 4 1 22 1 
 --- Bot used 16 milliseconds ---
-----------------------------------------------------------------------------
 --- Frame #35 ---
0 22 4 1 22 3 
 --- Bot used 18 milliseconds ---
-----------------------------------------------------------------------------
 --- Frame #36 ---
0 22 1 1 22 2 
 --- Bot used 23 milliseconds ---
-----------------------------------------------------------------------------
 --- Frame #37 ---
0 22 0 1 22 3 
 --- Bot used 16 milliseconds ---
-----------------------------------------------------------------------------
 --- Frame #38 ---
0 22 1 1 22 1 
 --- Bot used 20 milliseconds ---
-----------------------------------------------------------------------------
 --- Frame #39 ---
0 22 4 1 22 1 
 --- Bot used 17 milliseconds ---
-----------------------------------------------------------------------------
 --- Frame #40 ---
0 22 1 1 22 1 
 --- Bot used 15 milliseconds ---
-----------------------------------------------------------------------------
 --- Frame #41 ---
0 22 2 1 22 4 
 --- Bot used 19 milliseconds ---
-----------------------------------------------------------------------------
 --- Frame #42 ---
0 22 3 1 22 4 
 --- Bot used 22 milliseconds ---
-----------------------------------------------------------------------------
 --- Frame #43 ---
0 22 3 1 22 0 
 --- Bot used 16 milliseconds ---
-----------------------------------------------------------------------------
 --- Frame #44 ---
0 22 1 1 22 0 
 --- Bot used 19 milliseconds ---
-----------------------------------------------------------------------------
 --- Frame #45 ---
0 22 3 1 22 3 
 --- Bot used 18 milliseconds ---
-----------------------------------------------------------------------------
 --- Frame #46 ---
0 22 0 1 22 1 
 --- Bot used 17 milliseconds ---
-----------------------------------------------------------------------------
 --- Frame #47 ---
0 22 2 1 22 0 
 --- Bot used 18 milliseconds ---
-----------------------------------------------------------------------------
 --- Frame #48 ---
0 22 3 1 22 1 
 --- Bot used 29 milliseconds ---
-----------------------------------------------------------------------------
 --- Frame #49 ---
0 22 4 1 22 3 
 --- Bot used 17 milliseconds ---
-----------------------------------------------------------------------------
 --- Frame #50 ---
0 22 4 1 22 4 
 --- Bot used 15 milliseconds ---
-----------------------------------------------------------------------------
 --- Frame #51 ---
0 22 2 1 22 2 
 --- Bot used 16 milliseconds ---
-----------------------------------------------------------------------------
 --- Frame #52 ---
0 22 2 1 22 3 
 --- Bot used 22 milliseconds ---
-----------------------------------------------------------------------------
 --- Frame #53 ---

ERRORED!
No response received.